TN:
SF:src/domain/error/notification.error.ts
FN:3,<instance_members_initializer>
FN:6,NotificationError
FN:10,add
FN:16,publish
FNF:4
FNH:4
FNDA:4,<instance_members_initializer>
FNDA:4,NotificationError
FNDA:5,add
FNDA:3,publish
DA:1,1
DA:2,1
DA:3,4
DA:4,4
DA:5,4
DA:6,4
DA:7,4
DA:8,4
DA:9,4
DA:10,4
DA:11,5
DA:12,5
DA:13,5
DA:14,5
DA:15,4
DA:16,4
DA:17,3
DA:18,3
DA:19,4
LF:19
LH:19
BRDA:3,0,0,4
BRDA:6,1,0,4
BRDA:10,2,0,5
BRDA:16,3,0,3
BRF:4
BRH:4
end_of_record
TN:
SF:src/domain/error/validation.error.ts
FN:1,<instance_members_initializer>
FN:2,ValidationError
FNF:2
FNH:2
FNDA:5,<instance_members_initializer>
FNDA:5,ValidationError
DA:1,5
DA:2,5
DA:3,5
DA:4,5
DA:5,5
LF:5
LH:5
BRDA:1,0,0,5
BRDA:2,1,0,5
BRF:2
BRH:2
end_of_record
